Build started 5/31/2016 16:27:55.
     1>Project "C:\Users\Luna\Programming Projects\IGMTutorial\Graphics\NURBS\Bezier_Spline_Wireframe-GLFW\Bezier_Spline_Wireframe-GLFW\Bezier_Spline_Wireframe-GLFW.vcxproj" on node 2 (Build target(s)).
     1>ClCompile:
         C:\Program Files (x86)\Microsoft Visual Studio 12.0\VC\bin\CL.exe /c /ZI /nologo /W3 /WX- /Od /Oy- /D WIN32 /D _DEBUG /D _CONSOLE /D _LIB /D _UNICODE /D UNICODE /Gm /EHsc /RTC1 /MDd /GS /fp:precise /Zc:wchar_t /Zc:forScope /Fo"Debug\\" /Fd"Debug\vc120.pdb" /Gd /TP /analyze- /errorReport:prompt B_Spline.cpp CameraManager.cpp Init_Shader.cpp InputManager.cpp main.cpp Patch.cpp RenderManager.cpp RenderShape.cpp
         RenderShape.cpp
         RenderManager.cpp
         Patch.cpp
         main.cpp
     1>c:\users\luna\programming projects\igmtutorial\graphics\nurbs\bezier_spline_wireframe-glfw\bezier_spline_wireframe-glfw\main.cpp(270): warning C4305: 'initializing' : truncation from 'double' to 'GLfloat'
     1>c:\users\luna\programming projects\igmtutorial\graphics\nurbs\bezier_spline_wireframe-glfw\bezier_spline_wireframe-glfw\main.cpp(400): warning C4244: 'initializing' : conversion from 'double' to 'float', possible loss of data
         InputManager.cpp
         Init_Shader.cpp
         CameraManager.cpp
         B_Spline.cpp
         Generating Code...
       Link:
         C:\Program Files (x86)\Microsoft Visual Studio 12.0\VC\bin\link.exe /ERRORREPORT:PROMPT /OUT:"C:\Users\Luna\Programming Projects\IGMTutorial\Graphics\NURBS\Bezier_Spline_Wireframe-GLFW\Debug\Bezier_Spline_Wireframe-GLFW.exe" /INCREMENTAL /NOLOGO opengl32.lib glew32.lib glfw3.lib kernel32.lib user32.lib gdi32.lib winspool.lib comdlg32.lib advapi32.lib shell32.lib ole32.lib oleaut32.lib uuid.lib odbc32.lib odbccp32.lib /MANIFEST /MANIFESTUAC:"level='asInvoker' uiAccess='false'" /manifest:embed /DEBUG /PDB:"C:\Users\Luna\Programming Projects\IGMTutorial\Graphics\NURBS\Bezier_Spline_Wireframe-GLFW\Debug\Bezier_Spline_Wireframe-GLFW.pdb" /SUBSYSTEM:CONSOLE /TLBID:1 /DYNAMICBASE /NXCOMPAT /IMPLIB:"C:\Users\Luna\Programming Projects\IGMTutorial\Graphics\NURBS\Bezier_Spline_Wireframe-GLFW\Debug\Bezier_Spline_Wireframe-GLFW.lib" /MACHINE:X86 Debug\B_Spline.obj
         Debug\CameraManager.obj
         Debug\Init_Shader.obj
         Debug\InputManager.obj
         Debug\main.obj
         Debug\Patch.obj
         Debug\RenderManager.obj
         Debug\RenderShape.obj
     1>LINK : warning LNK4098: defaultlib 'MSVCRT' conflicts with use of other libs; use /NODEFAULTLIB:library
         Bezier_Spline_Wireframe-GLFW.vcxproj -> C:\Users\Luna\Programming Projects\IGMTutorial\Graphics\NURBS\Bezier_Spline_Wireframe-GLFW\Debug\Bezier_Spline_Wireframe-GLFW.exe
     1>Done Building Project "C:\Users\Luna\Programming Projects\IGMTutorial\Graphics\NURBS\Bezier_Spline_Wireframe-GLFW\Bezier_Spline_Wireframe-GLFW\Bezier_Spline_Wireframe-GLFW.vcxproj" (Build target(s)).

Build succeeded.

Time Elapsed 00:00:03.19
